<?xml version="1.0" encoding="UTF-8"?>
<testng-results ignored="0" total="3" passed="3" failed="0" skipped="0">
  <reporter-output>
  </reporter-output>
  <suite started-at="2022-10-12T03:55:05 IST" name="Default suite" finished-at="2022-10-12T03:55:22 IST" duration-ms="17575">
    <groups>
    </groups>
    <test started-at="2022-10-12T03:55:05 IST" name="Default test" finished-at="2022-10-12T03:55:22 IST" duration-ms="17575">
      <class name="com.samples.Webapp">
        <test-method is-config="true" signature="startBrowser()[pri:0, instance:com.samples.Webapp@3ce1e309]" started-at="2022-10-12T03:55:05 IST" name="startBrowser" finished-at="2022-10-12T03:55:09 IST" duration-ms="4539" status="PASS">
          <reporter-output>
          </reporter-output>
        </test-method> <!-- startBrowser -->
        <test-method signature="loadtime()[pri:1, instance:com.samples.Webapp@3ce1e309]" started-at="2022-10-12T03:55:09 IST" name="loadtime" finished-at="2022-10-12T03:55:10 IST" duration-ms="186" status="PASS">
          <reporter-output>
          </reporter-output>
        </test-method> <!-- loadtime -->
        <test-method signature="search()[pri:2, instance:com.samples.Webapp@3ce1e309]" started-at="2022-10-12T03:55:10 IST" name="search" finished-at="2022-10-12T03:55:16 IST" duration-ms="6431" status="PASS">
          <reporter-output>
          </reporter-output>
        </test-method> <!-- search -->
        <test-method signature="scroll()[pri:3, instance:com.samples.Webapp@3ce1e309]" started-at="2022-10-12T03:55:16 IST" name="scroll" finished-at="2022-10-12T03:55:22 IST" duration-ms="6174" status="PASS">
          <reporter-output>
          </reporter-output>
        </test-method> <!-- scroll -->
        <test-method is-config="true" signature="closeBrowser()[pri:0, instance:com.samples.Webapp@3ce1e309]" started-at="2022-10-12T03:55:22 IST" name="closeBrowser" finished-at="2022-10-12T03:55:22 IST" duration-ms="181" status="PASS">
          <reporter-output>
          </reporter-output>
        </test-method> <!-- closeBrowser -->
      </class> <!-- com.samples.Webapp -->
    </test> <!-- Default test -->
  </suite> <!-- Default suite -->
</testng-results>
